0 info it worked if it ends with ok
1 verbose cli [ '/usr/bin/node',
1 verbose cli   '/usr/bin/npm',
1 verbose cli   'install',
1 verbose cli   'chart.js',
1 verbose cli   '--save' ]
2 info using npm@3.5.2
3 info using node@v8.10.0
4 silly loadCurrentTree Starting
5 silly install loadCurrentTree
6 silly install readLocalPackageData
7 silly fetchPackageMetaData chart.js
8 silly fetchOtherPackageData chart.js
9 silly cache add args [ 'chart.js', null ]
10 verbose cache add spec chart.js
11 silly cache add parsed spec Result {
11 silly cache add   raw: 'chart.js',
11 silly cache add   scope: null,
11 silly cache add   name: null,
11 silly cache add   rawSpec: 'chart.js',
11 silly cache add   spec: '/home/prajjwal/Documents/word count/chart.js',
11 silly cache add   type: 'local' }
12 silly addLocalTarball shasum (computed) 12f621549a084c411ee4c654494c9d3d859c9fb7
13 verbose addTmpTarball /home/prajjwal/Documents/word count/chart.js not in flight; adding
14 verbose addTmpTarball validating metadata from /home/prajjwal/Documents/word count/chart.js
15 verbose tar unpack /home/prajjwal/Documents/word count/chart.js
16 verbose tar unpacking to /tmp/npm-6034-37b3b146/unpack-96e5ab4d
17 silly gentlyRm /tmp/npm-6034-37b3b146/unpack-96e5ab4d is being purged
18 verbose gentlyRm don't care about contents; nuking /tmp/npm-6034-37b3b146/unpack-96e5ab4d
19 silly gunzTarPerm modes [ '775', '664' ]
20 error not a package /home/prajjwal/Documents/word count/chart.js
21 error addLocal Could not install /home/prajjwal/Documents/word count/chart.js
22 silly fetchPackageMetaData Error: ENOENT: no such file or directory, open '/tmp/npm-6034-37b3b146/unpack-96e5ab4d/package.json'
22 silly fetchPackageMetaData  error for chart.js { Error: ENOENT: no such file or directory, open '/tmp/npm-6034-37b3b146/unpack-96e5ab4d/package.json'
22 silly fetchPackageMetaData   errno: -2,
22 silly fetchPackageMetaData   code: 'ENOENT',
22 silly fetchPackageMetaData   syscall: 'open',
22 silly fetchPackageMetaData   path: '/tmp/npm-6034-37b3b146/unpack-96e5ab4d/package.json' }
23 silly rollbackFailedOptional Starting
24 silly rollbackFailedOptional Finishing
25 silly runTopLevelLifecycles Starting
26 silly runTopLevelLifecycles Finishing
27 silly install printInstalled
28 verbose stack Error: ENOENT: no such file or directory, open '/tmp/npm-6034-37b3b146/unpack-96e5ab4d/package.json'
29 verbose cwd /home/prajjwal/Documents/word count
30 error Linux 5.3.0-62-generic
31 error argv "/usr/bin/node" "/usr/bin/npm" "install" "chart.js" "--save"
32 error node v8.10.0
33 error npm  v3.5.2
34 error path /tmp/npm-6034-37b3b146/unpack-96e5ab4d/package.json
35 error code ENOENT
36 error errno -2
37 error syscall open
38 error enoent ENOENT: no such file or directory, open '/tmp/npm-6034-37b3b146/unpack-96e5ab4d/package.json'
39 error enoent ENOENT: no such file or directory, open '/tmp/npm-6034-37b3b146/unpack-96e5ab4d/package.json'
39 error enoent This is most likely not a problem with npm itself
39 error enoent and is related to npm not being able to find a file.
40 verbose exit [ -2, true ]
